  framework.cpp
d:\BME\5 felev\Grafika\MasodikFull\GrafikaHaziCsomag\Programs\Skeleton\Skeleton\framework.h(165,1): warning C4996:  'fopen': This function or variable may be unsafe. Consider using fopen_s instead. To disable deprecation, use _CRT_SECURE_NO_WARNINGS. See online help for details.
  Skeleton.cpp
D:\Windows Kits\10\Include\10.0.18362.0\ucrt\stdio.h(208): message :  see declaration of 'fopen'
d:\BME\5 felev\Grafika\MasodikFull\GrafikaHaziCsomag\Programs\Skeleton\Skeleton\framework.h(165,1): warning C4996:  'fopen': This function or variable may be unsafe. Consider using fopen_s instead. To disable deprecation, use _CRT_SECURE_NO_WARNINGS. See online help for details.
D:\Windows Kits\10\Include\10.0.18362.0\ucrt\stdio.h(208): message :  see declaration of 'fopen'
d:\BME\5 felev\Grafika\MasodikFull\GrafikaHaziCsomag\Programs\Skeleton\Skeleton\Skeleton.cpp(49,49): warning C4305:  'argument': truncation from 'double' to 'float'
d:\BME\5 felev\Grafika\MasodikFull\GrafikaHaziCsomag\Programs\Skeleton\Skeleton\Skeleton.cpp(125,1): warning C4305:  'initializing': truncation from 'double' to 'float'
d:\BME\5 felev\Grafika\MasodikFull\GrafikaHaziCsomag\Programs\Skeleton\Skeleton\Skeleton.cpp(126,1): warning C4305:  'initializing': truncation from 'double' to 'float'
d:\BME\5 felev\Grafika\MasodikFull\GrafikaHaziCsomag\Programs\Skeleton\Skeleton\Skeleton.cpp(127,1): warning C4305:  'initializing': truncation from 'double' to 'float'
d:\BME\5 felev\Grafika\MasodikFull\GrafikaHaziCsomag\Programs\Skeleton\Skeleton\Skeleton.cpp(185,11): warning C4244:  'initializing': conversion from 'double' to 'float', possible loss of data
d:\BME\5 felev\Grafika\MasodikFull\GrafikaHaziCsomag\Programs\Skeleton\Skeleton\Skeleton.cpp(239,1): warning C4305:  'initializing': truncation from 'double' to 'float'
d:\BME\5 felev\Grafika\MasodikFull\GrafikaHaziCsomag\Programs\Skeleton\Skeleton\Skeleton.cpp(240,1): warning C4305:  'initializing': truncation from 'double' to 'float'
d:\BME\5 felev\Grafika\MasodikFull\GrafikaHaziCsomag\Programs\Skeleton\Skeleton\Skeleton.cpp(241,1): warning C4305:  'initializing': truncation from 'double' to 'float'
d:\BME\5 felev\Grafika\MasodikFull\GrafikaHaziCsomag\Programs\Skeleton\Skeleton\Skeleton.cpp(403,29): warning C4244:  'return': conversion from 'double' to 'float', possible loss of data
d:\BME\5 felev\Grafika\MasodikFull\GrafikaHaziCsomag\Programs\Skeleton\Skeleton\Skeleton.cpp(463,18): warning C4244:  'argument': conversion from 'double' to 'float', possible loss of data
d:\BME\5 felev\Grafika\MasodikFull\GrafikaHaziCsomag\Programs\Skeleton\Skeleton\Skeleton.cpp(463,1): warning C4305:  'argument': truncation from 'double' to 'float'
d:\BME\5 felev\Grafika\MasodikFull\GrafikaHaziCsomag\Programs\Skeleton\Skeleton\Skeleton.cpp(481,1): warning C4305:  'argument': truncation from 'double' to 'float'
d:\BME\5 felev\Grafika\MasodikFull\GrafikaHaziCsomag\Programs\Skeleton\Skeleton\Skeleton.cpp(482,1): warning C4305:  'argument': truncation from 'double' to 'float'
d:\BME\5 felev\Grafika\MasodikFull\GrafikaHaziCsomag\Programs\Skeleton\Skeleton\Skeleton.cpp(483,1): warning C4305:  'argument': truncation from 'double' to 'float'
d:\BME\5 felev\Grafika\MasodikFull\GrafikaHaziCsomag\Programs\Skeleton\Skeleton\Skeleton.cpp(489,11): warning C4244:  '=': conversion from 'double' to 'float', possible loss of data
d:\BME\5 felev\Grafika\MasodikFull\GrafikaHaziCsomag\Programs\Skeleton\Skeleton\Skeleton.cpp(490,11): warning C4244:  '=': conversion from 'double' to 'float', possible loss of data
d:\BME\5 felev\Grafika\MasodikFull\GrafikaHaziCsomag\Programs\Skeleton\Skeleton\Skeleton.cpp(501,1): warning C4305:  'argument': truncation from 'double' to 'float'
d:\BME\5 felev\Grafika\MasodikFull\GrafikaHaziCsomag\Programs\Skeleton\Skeleton\Skeleton.cpp(530,1): warning C4305:  'initializing': truncation from 'double' to 'float'
d:\BME\5 felev\Grafika\MasodikFull\GrafikaHaziCsomag\Programs\Skeleton\Skeleton\Skeleton.cpp(614,1): warning C4305:  'initializing': truncation from 'double' to 'float'
d:\BME\5 felev\Grafika\MasodikFull\GrafikaHaziCsomag\Programs\Skeleton\Skeleton\Skeleton.cpp(615,45): warning C4244:  'argument': conversion from 'double' to 'float', possible loss of data
d:\BME\5 felev\Grafika\MasodikFull\GrafikaHaziCsomag\Programs\Skeleton\Skeleton\Skeleton.cpp(617,1): warning C4305:  'argument': truncation from 'double' to 'float'
d:\BME\5 felev\Grafika\MasodikFull\GrafikaHaziCsomag\Programs\Skeleton\Skeleton\Skeleton.cpp(619,1): warning C4305:  'argument': truncation from 'double' to 'float'
  Generating code
  Previous IPDB was built with incompatible compiler, fall back to full compilation.
  All 331 functions were compiled because no usable IPDB/IOBJ from previous compilation was found.
  Finished generating code
  Skeleton.vcxproj -> D:\BME\5 felev\Grafika\MasodikFull\GrafikaHaziCsomag\Programs\Skeleton\bin\Skeleton.exe
